[+] Database initialized: D:\ransomware_pro\test_victims.db

============================================================
C2 SERVER - TEST MODE
============================================================
[+] Database: D:\ransomware_pro\test_victims.db
[+] Listening on: http://127.0.0.1:5000

API Endpoints:
  POST   /api/v1/register
  GET    /api/v1/payment/status/<id>
  GET    /api/v1/decryption/key/<id>
  GET    /api/v1/admin/stats
  POST   /api/v1/admin/pay/<id>  (TESTING)
============================================================

 * Serving Flask app 'test_server'
 * Debug mode: off
WARNING: This is a development server. Do not use it in a production deployment. Use a production WSGI server instead.
 * Running on http://127.0.0.1:5000
Press CTRL+C to quit
127.0.0.1 - - [05/Dec/2025 12:20:24] "POST /api/v1/register HTTP/1.1" 200 -
127.0.0.1 - - [05/Dec/2025 12:20:58] "POST /api/v1/register HTTP/1.1" 200 -
